-------------------------------------------------- Generator --------------------------------------------------
Existing cases: dict_keys([])
Generating 1x11, 1+8+1 supremacy circuit
Case (2, 11) impossible, skipped
----------------------------------------------------------------------------------------------------
Case (3, 11) impossible, skipped
----------------------------------------------------------------------------------------------------
Case (4, 11) impossible, skipped
----------------------------------------------------------------------------------------------------
Using license file /home/weit/gurobi.lic
Academic license - for non-commercial use only
********************
MIQCP stats:
2 cuts, 3 clusters, max qubit = 5
cluster 0: original input = 4.00, ρ_qubits = 1.00, O_qubits = 0.00, d = 5.00
cluster 1: original input = 4.00, ρ_qubits = 1.00, O_qubits = 0.00, d = 5.00
cluster 2: original input = 3.00, ρ_qubits = 0.00, O_qubits = 2.00, d = 3.00
objective value = 2.100e+01
manually calculated objective value: 2.100e+01
evaluator_cost = 21, reconstructor_cost = 1.953e-04, reconstructor_weight = 0.000e+00
runtime: 0.13471102714538574
OPTIMAL
********************
Adding case (5, 11) to run
Adding 11 qubit full circuit to run
11 qubit circuit saturated shots = 284672, ΔH = 1.281e-02
----------------------------------------------------------------------------------------------------
********************
MIQCP stats:
1 cuts, 2 clusters, max qubit = 6
cluster 0: original input = 6.00, ρ_qubits = -0.00, O_qubits = 1.00, d = 6.00
cluster 1: original input = 5.00, ρ_qubits = 1.00, O_qubits = -0.00, d = 6.00
objective value = 9.002e+00
manually calculated objective value: 9.000e+00
evaluator_cost = 8, reconstructor_cost = 3.248e-05, reconstructor_weight = 0.000e+00
runtime: 0.05244898796081543
OPTIMAL
********************
Adding case (6, 11) to run
Use currently running 11 qubit full circuit
----------------------------------------------------------------------------------------------------
********************
MIQCP stats:
1 cuts, 2 clusters, max qubit = 7
cluster 0: original input = 7.00, ρ_qubits = -0.00, O_qubits = 1.00, d = 7.00
cluster 1: original input = 4.00, ρ_qubits = 1.00, O_qubits = -0.00, d = 5.00
objective value = 9.002e+00
manually calculated objective value: 9.000e+00
evaluator_cost = 8, reconstructor_cost = 3.248e-05, reconstructor_weight = 0.000e+00
runtime: 0.0540769100189209
OPTIMAL
********************
Adding case (7, 11) to run
Use currently running 11 qubit full circuit
----------------------------------------------------------------------------------------------------
********************
MIQCP stats:
1 cuts, 2 clusters, max qubit = 8
cluster 0: original input = 8.00, ρ_qubits = -0.00, O_qubits = 1.00, d = 8.00
cluster 1: original input = 3.00, ρ_qubits = 1.00, O_qubits = -0.00, d = 4.00
objective value = 9.002e+00
manually calculated objective value: 9.000e+00
evaluator_cost = 9, reconstructor_cost = 3.248e-05, reconstructor_weight = 0.000e+00
runtime: 0.05318903923034668
OPTIMAL
********************
Adding case (8, 11) to run
Use currently running 11 qubit full circuit
----------------------------------------------------------------------------------------------------
********************
MIQCP stats:
1 cuts, 2 clusters, max qubit = 9
cluster 0: original input = 8.00, ρ_qubits = 1.00, O_qubits = 0.00, d = 9.00
cluster 1: original input = 3.00, ρ_qubits = 0.00, O_qubits = 1.00, d = 3.00
objective value = 9.003e+00
manually calculated objective value: 9.000e+00
evaluator_cost = 9, reconstructor_cost = 3.248e-05, reconstructor_weight = 0.000e+00
runtime: 0.06062912940979004
OPTIMAL
********************
Adding case (9, 11) to run
Use currently running 11 qubit full circuit
----------------------------------------------------------------------------------------------------
Generating 4x3, 1+8+1 supremacy circuit
Case (2, 12) impossible, skipped
----------------------------------------------------------------------------------------------------
Case (3, 12) impossible, skipped
----------------------------------------------------------------------------------------------------
Case (4, 12) impossible, skipped
----------------------------------------------------------------------------------------------------
Case (5, 12) NOT feasible
----------------------------------------------------------------------------------------------------
********************
MIQCP stats:
6 cuts, 3 clusters, max qubit = 6
cluster 0: original input = 4.00, ρ_qubits = 2.00, O_qubits = 2.00, d = 6.00
cluster 1: original input = 3.00, ρ_qubits = 3.00, O_qubits = 1.00, d = 6.00
cluster 2: original input = 5.00, ρ_qubits = 1.00, O_qubits = 3.00, d = 6.00
objective value = 1.134e+03
manually calculated objective value: 1.134e+03
evaluator_cost = 1133, reconstructor_cost = 7.449e-02, reconstructor_weight = 0.000e+00
runtime: 0.31755495071411133
OPTIMAL
********************
Adding case (6, 12) to run
Adding 12 qubit full circuit to run
12 qubit circuit saturated shots = 304128, ΔH = 1.312e-02
----------------------------------------------------------------------------------------------------
********************
MIQCP stats:
4 cuts, 3 clusters, max qubit = 7
cluster 0: original input = 4.00, ρ_qubits = 3.00, O_qubits = 0.00, d = 7.00
cluster 1: original input = 2.00, ρ_qubits = 0.00, O_qubits = 2.00, d = 2.00
cluster 2: original input = 6.00, ρ_qubits = 1.00, O_qubits = 2.00, d = 7.00
objective value = 2.790e+02
manually calculated objective value: 2.790e+02
evaluator_cost = 279, reconstructor_cost = 4.263e-03, reconstructor_weight = 0.000e+00
runtime: 0.25008511543273926
OPTIMAL
********************
Adding case (7, 12) to run
Use currently running 12 qubit full circuit
----------------------------------------------------------------------------------------------------
********************
MIQCP stats:
3 cuts, 2 clusters, max qubit = 8
cluster 0: original input = 6.00, ρ_qubits = 2.00, O_qubits = 1.00, d = 8.00
cluster 1: original input = 6.00, ρ_qubits = 1.00, O_qubits = 2.00, d = 7.00
objective value = 1.621e+02
manually calculated objective value: 1.620e+02
evaluator_cost = 162, reconstructor_cost = 1.032e-03, reconstructor_weight = 0.000e+00
runtime: 0.13400602340698242
OPTIMAL
********************
Adding case (8, 12) to run
Use currently running 12 qubit full circuit
----------------------------------------------------------------------------------------------------
********************
MIQCP stats:
3 cuts, 2 clusters, max qubit = 9
cluster 0: original input = 6.00, ρ_qubits = 2.00, O_qubits = 1.00, d = 8.00
cluster 1: original input = 6.00, ρ_qubits = 1.00, O_qubits = 2.00, d = 7.00
objective value = 1.621e+02
manually calculated objective value: 1.620e+02
evaluator_cost = 162, reconstructor_cost = 1.032e-03, reconstructor_weight = 0.000e+00
runtime: 0.16102194786071777
OPTIMAL
********************
Adding case (9, 12) to run
Use currently running 12 qubit full circuit
----------------------------------------------------------------------------------------------------
9 cases, 2 full circuits to run : dict_keys([(5, 11), (6, 11), (7, 11), (8, 11), (9, 11), (6, 12), (7, 12), (8, 12), (9, 12)])
******************** Submitting jobs ********************
Submitting job 1/1 6de2f64b-e0fc-4700-b1e2-57802fe408bf --> 2 circuits, 73 * 8192 shots
******************** Submitting jobs ********************
******************** Retrieving jobs ********************
Retrieving job 1/1 6de2f64b-e0fc-4700-b1e2-57802fe408bf --> 2 circuits, 73 * 8192 shots
/home/weit/anaconda3/envs/cc-env/lib/python3.7/site-packages/qiskit/providers/models/backendconfiguration.py:337: UserWarning: `dt` and `dtm` now have units of seconds(s) rather than nanoseconds(ns).
  warnings.warn('`dt` and `dtm` now have units of seconds(s) rather '
******************** Retrieving jobs ********************
-------------------------------------------------- Evaluator --------------------------------------------------
Existing cases: dict_keys([])
Running case: (5, 11)
case (5, 11), cluster_0 5_qubits * 6_instances on ibmq_boeblingen QUANTUM HARDWARE, saturated shots
case (5, 11), cluster_1 3_qubits * 9_instances on ibmq_boeblingen QUANTUM HARDWARE, saturated shots
case (5, 11), cluster_2 5_qubits * 6_instances on ibmq_boeblingen QUANTUM HARDWARE, saturated shots
Rank MASTER dumped case (5, 11), 1/9 cases
----------------------------------------------------------------------------------------------------
Running case: (6, 11)
case (6, 11), cluster_0 6_qubits * 3_instances on ibmq_boeblingen QUANTUM HARDWARE, saturated shots
case (6, 11), cluster_1 6_qubits * 6_instances on ibmq_boeblingen QUANTUM HARDWARE, saturated shots
Rank MASTER dumped case (6, 11), 2/9 cases
----------------------------------------------------------------------------------------------------
Running case: (7, 11)
case (7, 11), cluster_0 7_qubits * 3_instances on ibmq_boeblingen QUANTUM HARDWARE, saturated shots
case (7, 11), cluster_1 5_qubits * 6_instances on ibmq_boeblingen QUANTUM HARDWARE, saturated shots
Rank MASTER dumped case (7, 11), 3/9 cases
----------------------------------------------------------------------------------------------------
Running case: (8, 11)
case (8, 11), cluster_0 8_qubits * 3_instances on ibmq_boeblingen QUANTUM HARDWARE, saturated shots
case (8, 11), cluster_1 4_qubits * 6_instances on ibmq_boeblingen QUANTUM HARDWARE, saturated shots
Rank MASTER dumped case (8, 11), 4/9 cases
----------------------------------------------------------------------------------------------------
Running case: (9, 11)
case (9, 11), cluster_0 9_qubits * 6_instances on ibmq_boeblingen QUANTUM HARDWARE, saturated shots
case (9, 11), cluster_1 3_qubits * 3_instances on ibmq_boeblingen QUANTUM HARDWARE, saturated shots
Rank MASTER dumped case (9, 11), 5/9 cases
----------------------------------------------------------------------------------------------------
Running case: (6, 12)
case (6, 12), cluster_0 6_qubits * 324_instances on ibmq_boeblingen QUANTUM HARDWARE, saturated shots
case (6, 12), cluster_1 6_qubits * 648_instances on ibmq_boeblingen QUANTUM HARDWARE, saturated shots
case (6, 12), cluster_2 6_qubits * 162_instances on ibmq_boeblingen QUANTUM HARDWARE, saturated shots
Rank MASTER dumped case (6, 12), 6/9 cases
----------------------------------------------------------------------------------------------------
Running case: (7, 12)
case (7, 12), cluster_0 7_qubits * 216_instances on ibmq_boeblingen QUANTUM HARDWARE, saturated shots
case (7, 12), cluster_1 7_qubits * 54_instances on ibmq_boeblingen QUANTUM HARDWARE, saturated shots
case (7, 12), cluster_2 2_qubits * 9_instances on ibmq_boeblingen QUANTUM HARDWARE, saturated shots
Rank MASTER dumped case (7, 12), 7/9 cases
----------------------------------------------------------------------------------------------------
Running case: (8, 12)
case (8, 12), cluster_0 8_qubits * 108_instances on ibmq_boeblingen QUANTUM HARDWARE, saturated shots
case (8, 12), cluster_1 7_qubits * 54_instances on ibmq_boeblingen QUANTUM HARDWARE, saturated shots
Rank MASTER dumped case (8, 12), 8/9 cases
----------------------------------------------------------------------------------------------------
Running case: (9, 12)
case (9, 12), cluster_0 8_qubits * 108_instances on ibmq_boeblingen QUANTUM HARDWARE, saturated shots
case (9, 12), cluster_1 7_qubits * 54_instances on ibmq_boeblingen QUANTUM HARDWARE, saturated shots
Rank MASTER dumped case (9, 12), 9/9 cases
----------------------------------------------------------------------------------------------------
Traceback (most recent call last):
  File "/home/weit/anaconda3/envs/cc-env/lib/python3.7/site-packages/qiskit/providers/ibmq/api/session.py", line 207, in request
    response.raise_for_status()
  File "/home/weit/anaconda3/envs/cc-env/lib/python3.7/site-packages/requests/models.py", line 940, in raise_for_status
    raise HTTPError(http_error_msg, response=self)
requests.exceptions.HTTPError: 501 Server Error: Not Implemented for url: https://auth.quantum-computing.ibm.com/api/version

The above exception was the direct cause of the following exception:

Traceback (most recent call last):
  File "/home/weit/anaconda3/envs/cc-env/lib/python3.7/runpy.py", line 193, in _run_module_as_main
    "__main__", mod_spec)
  File "/home/weit/anaconda3/envs/cc-env/lib/python3.7/runpy.py", line 85, in _run_code
    exec(code, run_globals)
  File "/home/weit/circuit_cutting/hardware/job_submittor.py", line 37, in <module>
    evaluator_info = get_evaluator_info(circ=None,device_name=args.device_name,fields=['properties','device'])
  File "/home/weit/circuit_cutting/utils/helper_fun.py", line 345, in get_evaluator_info
    provider = load_IBMQ()
  File "/home/weit/circuit_cutting/utils/helper_fun.py", line 107, in load_IBMQ
    IBMQ.load_account()
  File "/home/weit/anaconda3/envs/cc-env/lib/python3.7/site-packages/qiskit/providers/ibmq/ibmqfactory.py", line 137, in load_account
    version_info = self._check_api_version(credentials)
  File "/home/weit/anaconda3/envs/cc-env/lib/python3.7/site-packages/qiskit/providers/ibmq/ibmqfactory.py", line 338, in _check_api_version
    return version_finder.version()
  File "/home/weit/anaconda3/envs/cc-env/lib/python3.7/site-packages/qiskit/providers/ibmq/api/clients/version.py", line 48, in version
    return self.client_version_finder.version()
  File "/home/weit/anaconda3/envs/cc-env/lib/python3.7/site-packages/qiskit/providers/ibmq/api/rest/version_finder.py", line 41, in version
    response = self.session.get(url)
  File "/home/weit/anaconda3/envs/cc-env/lib/python3.7/site-packages/requests/sessions.py", line 546, in get
    return self.request('GET', url, **kwargs)
  File "/home/weit/anaconda3/envs/cc-env/lib/python3.7/site-packages/qiskit/providers/ibmq/api/session.py", line 226, in request
    raise RequestsApiError(message) from ex
qiskit.providers.ibmq.api.exceptions.RequestsApiError: '501 Server Error: Not Implemented for url: https://auth.quantum-computing.ibm.com/api/version'
-------------------------------------------------- Job Submittor --------------------------------------------------
Existing cases: dict_keys([])
Run cases: dict_keys([(5, 11), (6, 11), (7, 11), (8, 11), (9, 11), (6, 12), (7, 12), (8, 12), (9, 12)])
**************************************************
-------------------------------------------------- Reconstructor --------------------------------------------------
Existing cases: dict_keys([])
-------------------------------------------------- Evaluator --------------------------------------------------
Existing cases: dict_keys([(5, 11), (6, 11), (7, 11), (8, 11), (9, 11), (6, 12), (7, 12), (8, 12), (9, 12)])
Traceback (most recent call last):
  File "/home/weit/anaconda3/envs/cc-env/lib/python3.7/site-packages/qiskit/providers/ibmq/api/session.py", line 207, in request
    response.raise_for_status()
  File "/home/weit/anaconda3/envs/cc-env/lib/python3.7/site-packages/requests/models.py", line 940, in raise_for_status
    raise HTTPError(http_error_msg, response=self)
requests.exceptions.HTTPError: 501 Server Error: Not Implemented for url: https://api-qcon.quantum-computing.ibm.com/api/Network?access_token=...

The above exception was the direct cause of the following exception:

Traceback (most recent call last):
  File "/home/weit/anaconda3/envs/cc-env/lib/python3.7/runpy.py", line 193, in _run_module_as_main
    "__main__", mod_spec)
  File "/home/weit/anaconda3/envs/cc-env/lib/python3.7/runpy.py", line 85, in _run_code
    exec(code, run_globals)
  File "/home/weit/circuit_cutting/hardware/job_submittor.py", line 37, in <module>
    evaluator_info = get_evaluator_info(circ=None,device_name=args.device_name,fields=['properties','device'])
  File "/home/weit/circuit_cutting/utils/helper_fun.py", line 345, in get_evaluator_info
    provider = load_IBMQ()
  File "/home/weit/circuit_cutting/utils/helper_fun.py", line 107, in load_IBMQ
    IBMQ.load_account()
  File "/home/weit/anaconda3/envs/cc-env/lib/python3.7/site-packages/qiskit/providers/ibmq/ibmqfactory.py", line 151, in load_account
    self._initialize_providers(credentials)
  File "/home/weit/anaconda3/envs/cc-env/lib/python3.7/site-packages/qiskit/providers/ibmq/ibmqfactory.py", line 354, in _initialize_providers
    user_hubs = auth_client.user_hubs()
  File "/home/weit/anaconda3/envs/cc-env/lib/python3.7/site-packages/qiskit/providers/ibmq/api/clients/auth.py", line 120, in user_hubs
    response = self.client_api.hubs()
  File "/home/weit/anaconda3/envs/cc-env/lib/python3.7/site-packages/qiskit/providers/ibmq/api/rest/root.py", line 75, in hubs
    return self.session.get(url).json()
  File "/home/weit/anaconda3/envs/cc-env/lib/python3.7/site-packages/requests/sessions.py", line 546, in get
    return self.request('GET', url, **kwargs)
  File "/home/weit/anaconda3/envs/cc-env/lib/python3.7/site-packages/qiskit/providers/ibmq/api/session.py", line 226, in request
    raise RequestsApiError(message) from ex
qiskit.providers.ibmq.api.exceptions.RequestsApiError: '501 Server Error: Not Implemented for url: https://api-qcon.quantum-computing.ibm.com/api/Network?access_token=...'
-------------------------------------------------- Job Submittor --------------------------------------------------
Existing cases: dict_keys([])
Run cases: dict_keys([(5, 11), (6, 11), (7, 11), (8, 11), (9, 11), (6, 12), (7, 12), (8, 12), (9, 12)])
**************************************************
-------------------------------------------------- Reconstructor --------------------------------------------------
Existing cases: dict_keys([])
-------------------------------------------------- Plot --------------------------------------------------
/home/weit/circuit_cutting/hardware/plot.py:39: UserWarning: Attempting to set identical left == right == -0.5 results in singular transformations; automatically expanding.
  im = ax.imshow(data, **kwargs)
/home/weit/circuit_cutting/hardware/plot.py:39: UserWarning: Attempting to set identical bottom == top == -0.5 results in singular transformations; automatically expanding.
  im = ax.imshow(data, **kwargs)
Traceback (most recent call last):
  File "/home/weit/anaconda3/envs/cc-env/lib/python3.7/runpy.py", line 193, in _run_module_as_main
    "__main__", mod_spec)
  File "/home/weit/anaconda3/envs/cc-env/lib/python3.7/runpy.py", line 85, in _run_code
    exec(code, run_globals)
  File "/home/weit/circuit_cutting/hardware/plot.py", line 333, in <module>
    plot_fid_bar(saturated_best_cc=saturated_best_cc, sametotal_best_cc=sametotal_best_cc,circuit_type=args.circuit_type,dirname=dirname,device_name=args.device_name,mitigated=mitigated)
  File "/home/weit/circuit_cutting/hardware/plot.py", line 243, in plot_fid_bar
    plt.legend()
  File "/home/weit/anaconda3/envs/cc-env/lib/python3.7/site-packages/matplotlib/pyplot.py", line 2685, in legend
    return gca().legend(*args, **kwargs)
  File "/home/weit/anaconda3/envs/cc-env/lib/python3.7/site-packages/matplotlib/axes/_axes.py", line 406, in legend
    self.legend_ = mlegend.Legend(self, handles, labels, **kwargs)
  File "/home/weit/anaconda3/envs/cc-env/lib/python3.7/site-packages/matplotlib/legend.py", line 575, in __init__
    self._init_legend_box(handles, labels, markerfirst)
  File "/home/weit/anaconda3/envs/cc-env/lib/python3.7/site-packages/matplotlib/legend.py", line 833, in _init_legend_box
    fontsize, handlebox))
  File "/home/weit/anaconda3/envs/cc-env/lib/python3.7/site-packages/matplotlib/legend_handler.py", line 115, in legend_artist
    fontsize, handlebox.get_transform())
  File "/home/weit/anaconda3/envs/cc-env/lib/python3.7/site-packages/matplotlib/legend_handler.py", line 299, in create_artists
    self.update_prop(p, orig_handle, legend)
  File "/home/weit/anaconda3/envs/cc-env/lib/python3.7/site-packages/matplotlib/legend_handler.py", line 72, in update_prop
    self._update_prop(legend_handle, orig_handle)
  File "/home/weit/anaconda3/envs/cc-env/lib/python3.7/site-packages/matplotlib/legend_handler.py", line 65, in _update_prop
    self._update_prop_func(legend_handle, orig_handle)
  File "/home/weit/anaconda3/envs/cc-env/lib/python3.7/site-packages/matplotlib/legend_handler.py", line 38, in update_from_first_child
    tgt.update_from(src.get_children()[0])
IndexError: list index out of range
Processing ./hardware/benchmark_data/supremacy_ibmq_boeblingen/hw_plotter_input_ibmq_boeblingen_saturated.p
************************* Best Cases *************************
**************************************************
Processing ./hardware/benchmark_data/supremacy_ibmq_boeblingen/hw_plotter_input_ibmq_boeblingen_sametotal.p
************************* Best Cases *************************
**************************************************
